Change Component Footprint: Designator=J15 Old Footprint=FP-BM05B-GHS-TBT_LF_SN-MFG New Footprint=SHDR5W114P0X396_1X5_1974X850X1090P
Change Component Footprint: Designator=J16 Old Footprint=FP-BM05B-GHS-TBT_LF_SN-MFG New Footprint=SHDR5W114P0X396_1X5_1974X850X1090P
Change Component Footprint: Designator=J17 Old Footprint=FP-BM05B-GHS-TBT_LF_SN-MFG New Footprint=SHDR5W114P0X396_1X5_1974X850X1090P
Change Component Footprint: Designator=J18 Old Footprint=FP-BM05B-GHS-TBT_LF_SN-MFG New Footprint=SHDR5W114P0X396_1X5_1974X850X1090P
Change Component Footprint: Designator=J19 Old Footprint=FP-BM05B-GHS-TBT_LF_SN-MFG New Footprint=SHDR5W114P0X396_1X5_1974X850X1090P
Change Component Footprint: Designator=J20 Old Footprint=FP-BM05B-GHS-TBT_LF_SN-MFG New Footprint=SHDR5W114P0X396_1X5_1974X850X1090P
Change Component Comment : Designator=J15 Old Comment=BM05B-GHS-TBT(LF)(SN) New Comment=JST-VH 5Pin
Change Component Comment : Designator=J16 Old Comment=BM05B-GHS-TBT(LF)(SN) New Comment=JST-VH 5Pin
Change Component Comment : Designator=J17 Old Comment=BM05B-GHS-TBT(LF)(SN) New Comment=JST-VH 5Pin
Change Component Comment : Designator=J18 Old Comment=BM05B-GHS-TBT(LF)(SN) New Comment=JST-VH 5Pin
Change Component Comment : Designator=J19 Old Comment=BM05B-GHS-TBT(LF)(SN) New Comment=JST-VH 5Pin
Change Component Comment : Designator=J20 Old Comment=BM05B-GHS-TBT(LF)(SN) New Comment=JST-VH 5Pin
Change Component Designator: OldDesignator=C1 NewDesignator=C2
Change Component Designator: OldDesignator=C2 NewDesignator=C1
Change Component Designator: OldDesignator=C16 NewDesignator=C17
Change Component Designator: OldDesignator=C17 NewDesignator=C18
Change Component Designator: OldDesignator=C18 NewDesignator=C19
Change Component Designator: OldDesignator=C19 NewDesignator=C20
Change Component Designator: OldDesignator=C20 NewDesignator=C21
Change Component Designator: OldDesignator=C21 NewDesignator=C22
Change Component Designator: OldDesignator=C22 NewDesignator=C23
Change Component Designator: OldDesignator=C23 NewDesignator=C24
Change Component Designator: OldDesignator=C24 NewDesignator=C25
Change Component Designator: OldDesignator=C25 NewDesignator=C26
Change Component Designator: OldDesignator=C26 NewDesignator=C27
Change Component Designator: OldDesignator=C27 NewDesignator=C28
Change Component Designator: OldDesignator=C28 NewDesignator=C29
Change Component Designator: OldDesignator=C29 NewDesignator=C30
Change Component Designator: OldDesignator=C30 NewDesignator=C31
Change Component Designator: OldDesignator=C31 NewDesignator=C16
Change Component Designator: OldDesignator=F2 NewDesignator=F3
Change Component Designator: OldDesignator=F3 NewDesignator=F4
Change Component Designator: OldDesignator=F4 NewDesignator=F5
Change Component Designator: OldDesignator=F5 NewDesignator=F2
Change Component Designator: OldDesignator=IC2 NewDesignator=IC3
Change Component Designator: OldDesignator=IC3 NewDesignator=IC4
Change Component Designator: OldDesignator=IC4 NewDesignator=IC5
Change Component Designator: OldDesignator=IC5 NewDesignator=IC6
Change Component Designator: OldDesignator=IC6 NewDesignator=IC7
Change Component Designator: OldDesignator=IC7 NewDesignator=IC8
Change Component Designator: OldDesignator=IC8 NewDesignator=IC9
Change Component Designator: OldDesignator=IC9 NewDesignator=IC2
Change Component Designator: OldDesignator=J2 NewDesignator=J5
Change Component Designator: OldDesignator=J3 NewDesignator=J9
Change Component Designator: OldDesignator=J4 NewDesignator=J2
Change Component Designator: OldDesignator=J5 NewDesignator=J6
Change Component Designator: OldDesignator=J6 NewDesignator=J10
Change Component Designator: OldDesignator=J7 NewDesignator=J3
Change Component Designator: OldDesignator=J8 NewDesignator=J7
Change Component Designator: OldDesignator=J9 NewDesignator=J11
Change Component Designator: OldDesignator=J10 NewDesignator=J4
Change Component Designator: OldDesignator=J11 NewDesignator=J8
Change Component Designator: OldDesignator=R1 NewDesignator=R2
Change Component Designator: OldDesignator=R2 NewDesignator=R4
Change Component Designator: OldDesignator=R3 NewDesignator=R5
Change Component Designator: OldDesignator=R4 NewDesignator=R6
Change Component Designator: OldDesignator=R5 NewDesignator=R7
Change Component Designator: OldDesignator=R6 NewDesignator=R8
Change Component Designator: OldDesignator=R7 NewDesignator=R9
Change Component Designator: OldDesignator=R8 NewDesignator=R10
Change Component Designator: OldDesignator=R9 NewDesignator=R11
Change Component Designator: OldDesignator=R10 NewDesignator=R12
Change Component Designator: OldDesignator=R11 NewDesignator=R13
Change Component Designator: OldDesignator=R12 NewDesignator=R14
Change Component Designator: OldDesignator=R13 NewDesignator=R15
Change Component Designator: OldDesignator=R14 NewDesignator=R16
Change Component Designator: OldDesignator=R15 NewDesignator=R17
Change Component Designator: OldDesignator=R16 NewDesignator=R18
Change Component Designator: OldDesignator=R17 NewDesignator=R19
Change Component Designator: OldDesignator=R18 NewDesignator=R20
Change Component Designator: OldDesignator=R19 NewDesignator=R22
Change Component Designator: OldDesignator=R20 NewDesignator=R21
Change Component Designator: OldDesignator=R21 NewDesignator=R24
Change Component Designator: OldDesignator=R22 NewDesignator=R23
Change Component Designator: OldDesignator=R23 NewDesignator=R25
Change Component Designator: OldDesignator=R24 NewDesignator=R26
Change Component Designator: OldDesignator=R25 NewDesignator=R27
Change Component Designator: OldDesignator=R26 NewDesignator=R1
Change Component Designator: OldDesignator=R27 NewDesignator=R3
Change Managed Component Library Link : Designator=J15 Old VaultGUID=B7D15EC3-160A-466F-A46C-7801FE6295A7 New VaultGUID= Old ItemGUID=757AE20C-F85A-4367-B530-68949F413D25 New ItemGUID= Old RevisionGUID=E03F338A-19A9-4A70-AC57-187560A0C25B New RevisionGUID=
Change Managed Component Library Link : Designator=J16 Old VaultGUID=B7D15EC3-160A-466F-A46C-7801FE6295A7 New VaultGUID= Old ItemGUID=757AE20C-F85A-4367-B530-68949F413D25 New ItemGUID= Old RevisionGUID=E03F338A-19A9-4A70-AC57-187560A0C25B New RevisionGUID=
Change Managed Component Library Link : Designator=J17 Old VaultGUID=B7D15EC3-160A-466F-A46C-7801FE6295A7 New VaultGUID= Old ItemGUID=757AE20C-F85A-4367-B530-68949F413D25 New ItemGUID= Old RevisionGUID=E03F338A-19A9-4A70-AC57-187560A0C25B New RevisionGUID=
Change Managed Component Library Link : Designator=J18 Old VaultGUID=B7D15EC3-160A-466F-A46C-7801FE6295A7 New VaultGUID= Old ItemGUID=757AE20C-F85A-4367-B530-68949F413D25 New ItemGUID= Old RevisionGUID=E03F338A-19A9-4A70-AC57-187560A0C25B New RevisionGUID=
Change Managed Component Library Link : Designator=J19 Old VaultGUID=B7D15EC3-160A-466F-A46C-7801FE6295A7 New VaultGUID= Old ItemGUID=757AE20C-F85A-4367-B530-68949F413D25 New ItemGUID= Old RevisionGUID=E03F338A-19A9-4A70-AC57-187560A0C25B New RevisionGUID=
Change Managed Component Library Link : Designator=J20 Old VaultGUID=B7D15EC3-160A-466F-A46C-7801FE6295A7 New VaultGUID= Old ItemGUID=757AE20C-F85A-4367-B530-68949F413D25 New ItemGUID= Old RevisionGUID=E03F338A-19A9-4A70-AC57-187560A0C25B New RevisionGUID=
Change component parameters: Designator = "J15" ("J15"); Footprint = "FP-BM05B-GHS-TBT_LF_SN-MFG"; UniqueID = "\PSTZAEFA" ("\PSTZAEFA")
Change component parameters (AddParameter): Name = "Arrow Part Number"; Value = ""; VariantName = "[No Variations]"
Change component parameters (AddParameter): Name = "Arrow Price/Stock"; Value = ""; VariantName = "[No Variations]"
Change component parameters (AddParameter): Name = "Datasheet Link"; Value = "https://www.jst-mfg.com/product/pdf/eng/eVH.pdf"; VariantName = "[No Variations]"
Change component parameters (AddParameter): Name = "Height"; Value = "10.9mm"; VariantName = "[No Variations]"
Change component parameters (AddParameter): Name = "Manufacturer_Name"; Value = "JST (JAPAN SOLDERLESS TERMINALS)"; VariantName = "[No Variations]"
Change component parameters (AddParameter): Name = "Manufacturer_Part_Number"; Value = "(D) B5P-VH-BK (LF)(SN)"; VariantName = "[No Variations]"
Change component parameters (AddParameter): Name = "Mouser Part Number"; Value = "N/A"; VariantName = "[No Variations]"
Change component parameters (AddParameter): Name = "Mouser Price/Stock"; Value = "https://www.mouser.co.uk/ProductDetail/JST/D-B5P-VH-BK-LFSN?qs=wnTfsH77Xs6D1q6ZybO7cA%3D%3D"; VariantName = "[No Variations]"
Change component parameters: Designator = "J16" ("J16"); Footprint = "FP-BM05B-GHS-TBT_LF_SN-MFG"; UniqueID = "\OYZSLZJM" ("\OYZSLZJM")
Change component parameters (AddParameter): Name = "Arrow Part Number"; Value = ""; VariantName = "[No Variations]"
Change component parameters (AddParameter): Name = "Arrow Price/Stock"; Value = ""; VariantName = "[No Variations]"
Change component parameters (AddParameter): Name = "Datasheet Link"; Value = "https://www.jst-mfg.com/product/pdf/eng/eVH.pdf"; VariantName = "[No Variations]"
Change component parameters (AddParameter): Name = "Height"; Value = "10.9mm"; VariantName = "[No Variations]"
Change component parameters (AddParameter): Name = "Manufacturer_Name"; Value = "JST (JAPAN SOLDERLESS TERMINALS)"; VariantName = "[No Variations]"
Change component parameters (AddParameter): Name = "Manufacturer_Part_Number"; Value = "(D) B5P-VH-BK (LF)(SN)"; VariantName = "[No Variations]"
Change component parameters (AddParameter): Name = "Mouser Part Number"; Value = "N/A"; VariantName = "[No Variations]"
Change component parameters (AddParameter): Name = "Mouser Price/Stock"; Value = "https://www.mouser.co.uk/ProductDetail/JST/D-B5P-VH-BK-LFSN?qs=wnTfsH77Xs6D1q6ZybO7cA%3D%3D"; VariantName = "[No Variations]"
Change component parameters: Designator = "J17" ("J17"); Footprint = "FP-BM05B-GHS-TBT_LF_SN-MFG"; UniqueID = "\JYTJOZEM" ("\JYTJOZEM")
Change component parameters (AddParameter): Name = "Arrow Part Number"; Value = ""; VariantName = "[No Variations]"
Change component parameters (AddParameter): Name = "Arrow Price/Stock"; Value = ""; VariantName = "[No Variations]"
Change component parameters (AddParameter): Name = "Datasheet Link"; Value = "https://www.jst-mfg.com/product/pdf/eng/eVH.pdf"; VariantName = "[No Variations]"
Change component parameters (AddParameter): Name = "Height"; Value = "10.9mm"; VariantName = "[No Variations]"
Change component parameters (AddParameter): Name = "Manufacturer_Name"; Value = "JST (JAPAN SOLDERLESS TERMINALS)"; VariantName = "[No Variations]"
Change component parameters (AddParameter): Name = "Manufacturer_Part_Number"; Value = "(D) B5P-VH-BK (LF)(SN)"; VariantName = "[No Variations]"
Change component parameters (AddParameter): Name = "Mouser Part Number"; Value = "N/A"; VariantName = "[No Variations]"
Change component parameters (AddParameter): Name = "Mouser Price/Stock"; Value = "https://www.mouser.co.uk/ProductDetail/JST/D-B5P-VH-BK-LFSN?qs=wnTfsH77Xs6D1q6ZybO7cA%3D%3D"; VariantName = "[No Variations]"
Change component parameters: Designator = "J18" ("J18"); Footprint = "FP-BM05B-GHS-TBT_LF_SN-MFG"; UniqueID = "\EQVAHRSA" ("\EQVAHRSA")
Change component parameters (AddParameter): Name = "Arrow Part Number"; Value = ""; VariantName = "[No Variations]"
Change component parameters (AddParameter): Name = "Arrow Price/Stock"; Value = ""; VariantName = "[No Variations]"
Change component parameters (AddParameter): Name = "Datasheet Link"; Value = "https://www.jst-mfg.com/product/pdf/eng/eVH.pdf"; VariantName = "[No Variations]"
Change component parameters (AddParameter): Name = "Height"; Value = "10.9mm"; VariantName = "[No Variations]"
Change component parameters (AddParameter): Name = "Manufacturer_Name"; Value = "JST (JAPAN SOLDERLESS TERMINALS)"; VariantName = "[No Variations]"
Change component parameters (AddParameter): Name = "Manufacturer_Part_Number"; Value = "(D) B5P-VH-BK (LF)(SN)"; VariantName = "[No Variations]"
Change component parameters (AddParameter): Name = "Mouser Part Number"; Value = "N/A"; VariantName = "[No Variations]"
Change component parameters (AddParameter): Name = "Mouser Price/Stock"; Value = "https://www.mouser.co.uk/ProductDetail/JST/D-B5P-VH-BK-LFSN?qs=wnTfsH77Xs6D1q6ZybO7cA%3D%3D"; VariantName = "[No Variations]"
Change component parameters: Designator = "J19" ("J19"); Footprint = "FP-BM05B-GHS-TBT_LF_SN-MFG"; UniqueID = "\TMJJDFQJ" ("\TMJJDFQJ")
Change component parameters (AddParameter): Name = "Arrow Part Number"; Value = ""; VariantName = "[No Variations]"
Change component parameters (AddParameter): Name = "Arrow Price/Stock"; Value = ""; VariantName = "[No Variations]"
Change component parameters (AddParameter): Name = "Datasheet Link"; Value = "https://www.jst-mfg.com/product/pdf/eng/eVH.pdf"; VariantName = "[No Variations]"
Change component parameters (AddParameter): Name = "Height"; Value = "10.9mm"; VariantName = "[No Variations]"
Change component parameters (AddParameter): Name = "Manufacturer_Name"; Value = "JST (JAPAN SOLDERLESS TERMINALS)"; VariantName = "[No Variations]"
Change component parameters (AddParameter): Name = "Manufacturer_Part_Number"; Value = "(D) B5P-VH-BK (LF)(SN)"; VariantName = "[No Variations]"
Change component parameters (AddParameter): Name = "Mouser Part Number"; Value = "N/A"; VariantName = "[No Variations]"
Change component parameters (AddParameter): Name = "Mouser Price/Stock"; Value = "https://www.mouser.co.uk/ProductDetail/JST/D-B5P-VH-BK-LFSN?qs=wnTfsH77Xs6D1q6ZybO7cA%3D%3D"; VariantName = "[No Variations]"
Change component parameters: Designator = "J20" ("J20"); Footprint = "FP-BM05B-GHS-TBT_LF_SN-MFG"; UniqueID = "\USPULAWA" ("\USPULAWA")
Change component parameters (AddParameter): Name = "Arrow Part Number"; Value = ""; VariantName = "[No Variations]"
Change component parameters (AddParameter): Name = "Arrow Price/Stock"; Value = ""; VariantName = "[No Variations]"
Change component parameters (AddParameter): Name = "Datasheet Link"; Value = "https://www.jst-mfg.com/product/pdf/eng/eVH.pdf"; VariantName = "[No Variations]"
Change component parameters (AddParameter): Name = "Height"; Value = "10.9mm"; VariantName = "[No Variations]"
Change component parameters (AddParameter): Name = "Manufacturer_Name"; Value = "JST (JAPAN SOLDERLESS TERMINALS)"; VariantName = "[No Variations]"
Change component parameters (AddParameter): Name = "Manufacturer_Part_Number"; Value = "(D) B5P-VH-BK (LF)(SN)"; VariantName = "[No Variations]"
Change component parameters (AddParameter): Name = "Mouser Part Number"; Value = "N/A"; VariantName = "[No Variations]"
Change component parameters (AddParameter): Name = "Mouser Price/Stock"; Value = "https://www.mouser.co.uk/ProductDetail/JST/D-B5P-VH-BK-LFSN?qs=wnTfsH77Xs6D1q6ZybO7cA%3D%3D"; VariantName = "[No Variations]"
Change Net Name : Old Net Name=NetC2_1 New Net Name=NetC1_1
Change Net Name : Old Net Name=NetC23_2 New Net Name=NetC24_2
Change Net Name : Old Net Name=NetC31_2 New Net Name=NetC16_2
Change Net Name : Old Net Name=NetF2_1 New Net Name=NetF3_1
Change Net Name : Old Net Name=NetF3_1 New Net Name=NetF4_1
Change Net Name : Old Net Name=NetF4_1 New Net Name=NetF5_1
Change Net Name : Old Net Name=NetF4_2 New Net Name=NetF5_2
Change Net Name : Old Net Name=NetF5_2 New Net Name=NetF2_2
Change Net Name : Old Net Name=NetIC2_1 New Net Name=NetIC3_1
Change Net Name : Old Net Name=NetIC2_6 New Net Name=NetIC3_6
Change Net Name : Old Net Name=NetIC2_7 New Net Name=NetIC2_1
Change Net Name : Old Net Name=NetIC2_9 New Net Name=NetIC3_9
Change Net Name : Old Net Name=NetIC3_6 New Net Name=NetIC4_6
Change Net Name : Old Net Name=NetIC3_7 New Net Name=NetIC4_7
Change Net Name : Old Net Name=NetIC3_8 New Net Name=NetIC4_8
Change Net Name : Old Net Name=NetIC3_9 New Net Name=NetIC4_9
Change Net Name : Old Net Name=NetIC3_10 New Net Name=NetIC4_10
Change Net Name : Old Net Name=NetIC3_11 New Net Name=NetIC4_11
Change Net Name : Old Net Name=NetIC3_12 New Net Name=NetIC4_12
Change Net Name : Old Net Name=NetIC3_13 New Net Name=NetIC4_13
Change Net Name : Old Net Name=NetIC3_15 New Net Name=NetIC4_15
Change Net Name : Old Net Name=NetIC3_16 New Net Name=NetIC4_16
Change Net Name : Old Net Name=NetIC3_17 New Net Name=NetIC4_17
Change Net Name : Old Net Name=NetIC3_18 New Net Name=NetIC4_18
Change Net Name : Old Net Name=NetIC3_23 New Net Name=NetIC4_23
Change Net Name : Old Net Name=NetIC9_3 New Net Name=NetIC2_3
