Change Physical Footprint: Designator=C1 Old Footprint=FP-CL10-IPC_B New Footprint=FP-CL10-IPC_B
Change Physical Footprint: Designator=C2 Old Footprint=FP-CL10-IPC_B New Footprint=FP-CL10-IPC_B
Change Physical Footprint: Designator=C3 Old Footprint=FP-CL10-IPC_B New Footprint=FP-CL10-IPC_B
Change Physical Footprint: Designator=C4 Old Footprint=FP-CL10-IPC_B New Footprint=FP-CL10-IPC_B
Change Physical Footprint: Designator=C5 Old Footprint=FP-GCJ188-0_2-IPC_A New Footprint=FP-GCJ188-0_2-IPC_A
Change Physical Footprint: Designator=C6 Old Footprint=FP-C0603C-CF-MFG New Footprint=FP-C0603C-CF-MFG
Change Physical Footprint: Designator=C7 Old Footprint=FP-GCJ188-0_2-IPC_A New Footprint=FP-GCJ188-0_2-IPC_A
Change Physical Footprint: Designator=C8 Old Footprint=FP-0603-L_1_6_0_15-W_0_81-IPC_A New Footprint=FP-0603-L_1_6_0_15-W_0_81-IPC_A
Change Physical Footprint: Designator=C9 Old Footprint=FP-GRM188-0_2-IPC_C New Footprint=FP-GRM188-0_2-IPC_C
Change Physical Footprint: Designator=C10 Old Footprint=FP-GCJ188-0_2-IPC_A New Footprint=FP-GCJ188-0_2-IPC_A
Change Physical Footprint: Designator=C11 Old Footprint=FP-GRM188-0_1-e0_2_0_5-MFG New Footprint=FP-GRM188-0_1-e0_2_0_5-MFG
Change Physical Footprint: Designator=C12 Old Footprint=FP-C1608-080-0_1-IPC_C New Footprint=FP-C1608-080-0_1-IPC_C
Change Physical Footprint: Designator=C13 Old Footprint=FP-GRM188-0_1-e0_2_0_55-IPC_A New Footprint=FP-GRM188-0_1-e0_2_0_55-IPC_A
Change Physical Footprint: Designator=C14 Old Footprint=FP-GRM188-0_1-e0_2_0_5-IPC_B New Footprint=FP-GRM188-0_1-e0_2_0_5-IPC_B
Change Physical Footprint: Designator=C15 Old Footprint=FP-GRM188-0_2-IPC_A New Footprint=FP-GRM188-0_2-IPC_A
Change Physical Footprint: Designator=C16 Old Footprint=FP-GRM188-0_2-IPC_A New Footprint=FP-GRM188-0_2-IPC_A
Change Physical Footprint: Designator=C17 Old Footprint=FP-GRM188-0_1-e0_2_0_5-IPC_B New Footprint=FP-GRM188-0_1-e0_2_0_5-IPC_B
Change Physical Footprint: Designator=C18 Old Footprint=FP-0603-L_1_6_0_15-W_0_81-IPC_A New Footprint=FP-0603-L_1_6_0_15-W_0_81-IPC_A
Change Physical Footprint: Designator=C19 Old Footprint=FP-GRM188-0_1-e0_2_0_5-IPC_B New Footprint=FP-GRM188-0_1-e0_2_0_5-IPC_B
Change Physical Footprint: Designator=C20 Old Footprint=FP-GRM188-0_1-e0_2_0_5-IPC_B New Footprint=FP-GRM188-0_1-e0_2_0_5-IPC_B
Change Physical Footprint: Designator=C21 Old Footprint=FP-C0603-CJ-MFG New Footprint=FP-C0603-CJ-MFG
Change Physical Footprint: Designator=C22 Old Footprint=FP-0603-L_1_6_0_15-W_0_81-IPC_A New Footprint=FP-0603-L_1_6_0_15-W_0_81-IPC_A
Change Physical Footprint: Designator=C23 Old Footprint=FP-GCJ188-0_2-IPC_A New Footprint=FP-GCJ188-0_2-IPC_A
Change Physical Footprint: Designator=C24 Old Footprint=FP-GCJ188-0_2-IPC_A New Footprint=FP-GCJ188-0_2-IPC_A
Change Physical Footprint: Designator=C25 Old Footprint=FP-GCJ188-0_2-IPC_A New Footprint=FP-GCJ188-0_2-IPC_A
Change Physical Footprint: Designator=C26 Old Footprint=FP-GCJ188-0_2-IPC_A New Footprint=FP-GCJ188-0_2-IPC_A
Change Physical Footprint: Designator=C27 Old Footprint=FP-GCJ188-0_2-IPC_A New Footprint=FP-GCJ188-0_2-IPC_A
Change Physical Footprint: Designator=C28 Old Footprint=FP-GCJ188-0_2-IPC_A New Footprint=FP-GCJ188-0_2-IPC_A
Change Physical Footprint: Designator=C29 Old Footprint=FP-GCJ188-0_2-IPC_A New Footprint=FP-GCJ188-0_2-IPC_A
Change Physical Footprint: Designator=C30 Old Footprint=FP-GCJ188-0_2-IPC_A New Footprint=FP-GCJ188-0_2-IPC_A
Change Physical Footprint: Designator=J1 Old Footprint=FP-BM05B-GHS-TBT_LF_SN-MFG New Footprint=FP-BM05B-GHS-TBT_LF_SN-MFG
Change Physical Footprint: Designator=J2 Old Footprint=FP-BM05B-GHS-TBT_LF_SN-MFG New Footprint=FP-BM05B-GHS-TBT_LF_SN-MFG
Change Physical Footprint: Designator=J3 Old Footprint=XT60PT-M New Footprint=XT60PT-M
Change Physical Footprint: Designator=J4 Old Footprint=FP-BM05B-GHS-TBT_LF_SN-MFG New Footprint=FP-BM05B-GHS-TBT_LF_SN-MFG
Change Physical Footprint: Designator=J5 Old Footprint=FP-BM05B-GHS-TBT_LF_SN-MFG New Footprint=FP-BM05B-GHS-TBT_LF_SN-MFG
Change Physical Footprint: Designator=J8 Old Footprint=FP-BM05B-GHS-TBT_LF_SN-MFG New Footprint=FP-BM05B-GHS-TBT_LF_SN-MFG
Change Physical Footprint: Designator=J9 Old Footprint=FP-BM05B-GHS-TBT_LF_SN-MFG New Footprint=FP-BM05B-GHS-TBT_LF_SN-MFG
Change Physical Footprint: Designator=L1 Old Footprint=FP-IHLP-1616BZ-FP_1_8545x-MFG New Footprint=FP-IHLP-1616BZ-FP_1_8545x-MFG
Change Physical Footprint: Designator=P1 Old Footprint=JST-S3B-XH-A(LF)(SN)_V New Footprint=JST-S3B-XH-A(LF)(SN)_V
Change Physical Footprint: Designator=R1 Old Footprint=FP-CR0603-IPC_C New Footprint=FP-CR0603-IPC_C
Change Physical Footprint: Designator=R2 Old Footprint=FP-ERJ3G-MFG New Footprint=FP-ERJ3G-MFG
Change Physical Footprint: Designator=R3 Old Footprint=FP-ERJ3G-MFG New Footprint=FP-ERJ3G-MFG
Change Physical Footprint: Designator=R4 Old Footprint=FP-ERA3A-IPC_C New Footprint=FP-ERA3A-IPC_C
Change Physical Footprint: Designator=R5 Old Footprint=FP-ERA3A-IPC_B New Footprint=FP-ERA3A-IPC_B
Change Physical Footprint: Designator=R6 Old Footprint=FP-ERA3A-IPC_B New Footprint=FP-ERA3A-IPC_B
Change Physical Footprint: Designator=R7 Old Footprint=FP-ERA3A-IPC_B New Footprint=FP-ERA3A-IPC_B
Change Physical Footprint: Designator=R8 Old Footprint=FP-ERJ8CW-MFG New Footprint=FP-ERJ8CW-MFG
Change Physical Footprint: Designator=R9 Old Footprint=FP-ERJ8CW-MFG New Footprint=FP-ERJ8CW-MFG
Change Physical Footprint: Designator=R10 Old Footprint=FP-ERA3A-IPC_C New Footprint=FP-ERA3A-IPC_C
Change Physical Footprint: Designator=R11 Old Footprint=FP-ERA3A-IPC_C New Footprint=FP-ERA3A-IPC_C
Change Physical Footprint: Designator=R12 Old Footprint=FP-ERA3A-IPC_C New Footprint=FP-ERA3A-IPC_C
Change Physical Footprint: Designator=R13 Old Footprint=FP-ERA3A-IPC_C New Footprint=FP-ERA3A-IPC_C
Change Physical Footprint: Designator=R14 Old Footprint=FP-ERJ8CW-MFG New Footprint=FP-ERJ8CW-MFG
Change Physical Footprint: Designator=R15 Old Footprint=FP-ERJ8CW-MFG New Footprint=FP-ERJ8CW-MFG
Change Physical Footprint: Designator=R16 Old Footprint=FP-ERA3A-IPC_C New Footprint=FP-ERA3A-IPC_C
Change Physical Footprint: Designator=R17 Old Footprint=FP-ERA3A-IPC_C New Footprint=FP-ERA3A-IPC_C
Change Physical Footprint: Designator=R18 Old Footprint=FP-ERJ8CW-MFG New Footprint=FP-ERJ8CW-MFG
Change Physical Footprint: Designator=R19 Old Footprint=FP-ERJ8CW-MFG New Footprint=FP-ERJ8CW-MFG
Change Physical Footprint: Designator=R20 Old Footprint=FP-ERJ8CW-MFG New Footprint=FP-ERJ8CW-MFG
Change Physical Footprint: Designator=R21 Old Footprint=FP-ERJ8CW-MFG New Footprint=FP-ERJ8CW-MFG
Change Physical Footprint: Designator=R22 Old Footprint=FP-ERJ8CW-MFG New Footprint=FP-ERJ8CW-MFG
Change Physical Footprint: Designator=R23 Old Footprint=FP-ERJ8CW-MFG New Footprint=FP-ERJ8CW-MFG
Change Physical Footprint: Designator=R24 Old Footprint=FP-ERJ8CW-MFG New Footprint=FP-ERJ8CW-MFG
Change Physical Footprint: Designator=R25 Old Footprint=FP-ERJ8CW-MFG New Footprint=FP-ERJ8CW-MFG
Change Physical Footprint: Designator=U1 Old Footprint=FP-SOT25-MFG New Footprint=FP-SOT25-MFG
